 0.20000D+03  0.14000D+04  0.28136D-01  0.84071D-03  0.45458D-02  0.16433D+00  0.78874D+00  0.12495D-02  0.45681D-01  0.11625D-01  0.67505D-01  0.40379D-02  0.50785D-03  0.79510D+01 -0.10000D+01 -0.95243D+01  0.55850D+01  0.70067D+03  0.21211D+04  0.20868D+01  0.15998D+03  0.76662D+02  0.36559D+02
 0.19500D+03  0.14000D+04  0.28064D-01  0.80617D-03  0.45285D-02  0.16818D+00  0.78374D+00  0.12907D-02  0.46791D-01  0.11743D-01  0.69510D-01  0.40165D-02  0.51199D-03  0.78448D+01 -0.10000D+01 -0.95260D+01  0.55399D+01  0.69109D+03  0.20207D+04  0.20630D+01  0.15688D+03  0.76044D+02  0.36251D+02
 0.19000D+03  0.14000D+04  0.27987D-01  0.77195D-03  0.45101D-02  0.17224D+00  0.77848D+00  0.13343D-02  0.47951D-01  0.11866D-01  0.71645D-01  0.39940D-02  0.51610D-03  0.77388D+01 -0.10000D+01 -0.95276D+01  0.54948D+01  0.68146D+03  0.19228D+04  0.20394D+01  0.15379D+03  0.75411D+02  0.35937D+02
 0.18500D+03  0.14000D+04  0.27906D-01  0.73808D-03  0.44906D-02  0.17650D+00  0.77296D+00  0.13805D-02  0.49166D-01  0.11994D-01  0.73923D-01  0.39704D-02  0.52017D-03  0.76329D+01 -0.10000D+01 -0.95292D+01  0.54499D+01  0.67177D+03  0.18272D+04  0.20159D+01  0.15071D+03  0.74762D+02  0.35614D+02
 0.18000D+03  0.14000D+04  0.27819D-01  0.70455D-03  0.44698D-02  0.18098D+00  0.76715D+00  0.14295D-02  0.50438D-01  0.12128D-01  0.76359D-01  0.39456D-02  0.52420D-03  0.75269D+01 -0.10000D+01 -0.95309D+01  0.54050D+01  0.66202D+03  0.17341D+04  0.19924D+01  0.14763D+03  0.74095D+02  0.35283D+02
 0.17500D+03  0.14000D+04  0.27725D-01  0.67141D-03  0.44477D-02  0.18571D+00  0.76104D+00  0.14816D-02  0.51772D-01  0.12269D-01  0.78968D-01  0.39195D-02  0.52818D-03  0.74208D+01 -0.10000D+01 -0.95325D+01  0.53604D+01  0.65217D+03  0.16433D+04  0.19691D+01  0.14455D+03  0.73409D+02  0.34942D+02
 0.17000D+03  0.14000D+04  0.27626D-01  0.63866D-03  0.44241D-02  0.19069D+00  0.75460D+00  0.15371D-02  0.53170D-01  0.12416D-01  0.81770D-01  0.38920D-02  0.53208D-03  0.73146D+01 -0.10000D+01 -0.95342D+01  0.53160D+01  0.64224D+03  0.15548D+04  0.19458D+01  0.14146D+03  0.72702D+02  0.34592D+02
 0.16500D+03  0.14000D+04  0.27519D-01  0.60632D-03  0.43988D-02  0.19595D+00  0.74781D+00  0.15961D-02  0.54637D-01  0.12572D-01  0.84786D-01  0.38629D-02  0.53591D-03  0.72081D+01 -0.10000D+01 -0.95358D+01  0.52721D+01  0.63219D+03  0.14687D+04  0.19225D+01  0.13837D+03  0.71972D+02  0.34231D+02
 0.16000D+03  0.14000D+04  0.27404D-01  0.57444D-03  0.43717D-02  0.20151D+00  0.74065D+00  0.16592D-02  0.56178D-01  0.12736D-01  0.88040D-01  0.38321D-02  0.53964D-03  0.71012D+01 -0.10000D+01 -0.95375D+01  0.52286D+01  0.62201D+03  0.13849D+04  0.18993D+01  0.13526D+03  0.71216D+02  0.33858D+02
 0.15500D+03  0.14000D+04  0.27280D-01  0.54302D-03  0.43427D-02  0.20738D+00  0.73310D+00  0.17267D-02  0.57795D-01  0.12910D-01  0.91560D-01  0.37994D-02  0.54325D-03  0.69939D+01 -0.10000D+01 -0.95391D+01  0.51857D+01  0.61169D+03  0.13034D+04  0.18760D+01  0.13213D+03  0.70433D+02  0.33472D+02
 0.15000D+03  0.14000D+04  0.27146D-01  0.51210D-03  0.43115D-02  0.21359D+00  0.72511D+00  0.17989D-02  0.59495D-01  0.13094D-01  0.95378D-01  0.37647D-02  0.54673D-03  0.68859D+01 -0.10000D+01 -0.95407D+01  0.51435D+01  0.60120D+03  0.12242D+04  0.18527D+01  0.12898D+03  0.69619D+02  0.33072D+02
 0.14500D+03  0.14000D+04  0.27002D-01  0.48172D-03  0.42779D-02  0.22017D+00  0.71668D+00  0.18765D-02  0.61281D-01  0.13290D-01  0.99529D-01  0.37278D-02  0.55005D-03  0.67772D+01 -0.10000D+01 -0.95424D+01  0.51022D+01  0.59052D+03  0.11472D+04  0.18293D+01  0.12580D+03  0.68771D+02  0.32657D+02
 0.14000D+03  0.14000D+04  0.26845D-01  0.45190D-03  0.42416D-02  0.22713D+00  0.70775D+00  0.19600D-02  0.63157D-01  0.13499D-01  0.10406D+00  0.36884D-02  0.55319D-03  0.66676D+01 -0.10000D+01 -0.95440D+01  0.50618D+01  0.57962D+03  0.10726D+04  0.18057D+01  0.12258D+03  0.67886D+02  0.32224D+02
 0.13500D+03  0.14000D+04  0.26675D-01  0.42268D-03  0.42024D-02  0.23451D+00  0.69831D+00  0.20499D-02  0.65129D-01  0.13723D-01  0.10901D+00  0.36463D-02  0.55610D-03  0.65569D+01 -0.10000D+01 -0.95457D+01  0.50226D+01  0.56847D+03  0.10003D+04  0.17821D+01  0.11933D+03  0.66959D+02  0.31772D+02
 0.13000D+03  0.14000D+04  0.26489D-01  0.39412D-03  0.41599D-02  0.24234D+00  0.68831D+00  0.21470D-02  0.67199D-01  0.13964D-01  0.11444D+00  0.36012D-02  0.55876D-03  0.64449D+01 -0.10000D+01 -0.95473D+01  0.49847D+01  0.55704D+03  0.93030D+03  0.17582D+01  0.11602D+03  0.65986D+02  0.31299D+02
 0.12500D+03  0.14000D+04  0.26287D-01  0.36624D-03  0.41139D-02  0.25064D+00  0.67774D+00  0.22521D-02  0.69372D-01  0.14222D-01  0.12041D+00  0.35528D-02  0.56112D-03  0.63316D+01 -0.10000D+01 -0.95490D+01  0.49484D+01  0.54530D+03  0.86265D+03  0.17340D+01  0.11265D+03  0.64962D+02  0.30803D+02
 0.12000D+03  0.14000D+04  0.26066D-01  0.33909D-03  0.40639D-02  0.25944D+00  0.66654D+00  0.23661D-02  0.71649D-01  0.14501D-01  0.12701D+00  0.35007D-02  0.56314D-03  0.62165D+01 -0.10000D+01 -0.95506D+01  0.49139D+01  0.53319D+03  0.79737D+03  0.17095D+01  0.10921D+03  0.63882D+02  0.30281D+02
 0.80000D+02  0.14000D+04  0.23846D-01  0.16101D-03  0.35169D-02  0.33171D+00  0.57136D+00  0.36659D-02  0.93273D-01  0.17225D-01  0.18590D+00  0.29582D-02  0.55867D-03  0.52950D+01 -0.10000D+01 -0.95637D+01  0.46829D+01  0.43179D+03  0.37997D+03  0.14817D+01  0.80212D+02  0.54135D+02  0.25444D+02
 0.75000D+02  0.14000D+04  0.23460D-01  0.14354D-03  0.34162D-02  0.34202D+00  0.55739D+00  0.39043D-02  0.96691D-01  0.17688D-01  0.20077D+00  0.28628D-02  0.55341D-03  0.51730D+01 -0.10000D+01 -0.95654D+01  0.46658D+01  0.41740D+03  0.33973D+03  0.14458D+01  0.76089D+02  0.52629D+02  0.24765D+02
 0.70000D+02  0.14000D+04  0.23024D-01  0.12690D-03  0.33052D-02  0.35316D+00  0.54246D+00  0.41708D-02  0.10021D+00  0.18205D-01  0.21843D+00  0.27586D-02  0.54662D-03  0.50466D+01 -0.10000D+01 -0.95670D+01  0.46541D+01  0.40209D+03  0.30141D+03  0.14078D+01  0.71780D+02  0.50986D+02  0.24027D+02
 0.65000D+02  0.14000D+04  0.22529D-01  0.11115D-03  0.31827D-02  0.36526D+00  0.52649D+00  0.44707D-02  0.10379D+00  0.18787D-01  0.23950D+00  0.26446D-02  0.53810D-03  0.49147D+01 -0.10000D+01 -0.95687D+01  0.46492D+01  0.38566D+03  0.26505D+03  0.13677D+01  0.67265D+02  0.49182D+02  0.23215D+02
 0.60000D+02  0.14000D+04  0.21962D-01  0.96328D-04  0.30476D-02  0.37847D+00  0.50937D+00  0.48113D-02  0.10735D+00  0.19447D-01  0.26470D+00  0.25200D-02  0.52761D-03  0.47762D+01 -0.10000D+01 -0.95703D+01  0.46526D+01  0.36790D+03  0.23071D+03  0.13252D+01  0.62528D+02  0.47184D+02  0.22313D+02
 0.55000D+02  0.14000D+04  0.21307D-01  0.82489D-04  0.28991D-02  0.39296D+00  0.49102D+00  0.52025D-02  0.11081D+00  0.20201D-01  0.29490D+00  0.23842D-02  0.51494D-03  0.46301D+01 -0.10000D+01 -0.95720D+01  0.46665D+01  0.34853D+03  0.19845D+03  0.12803D+01  0.57554D+02  0.44954D+02  0.21300D+02
 0.50000D+02  0.14000D+04  0.20541D-01  0.69682D-04  0.27340D-02  0.40895D+00  0.47125D+00  0.56514D-02  0.11414D+00  0.21075D-01  0.32660D+00  0.22345D-02  0.49944D-03  0.44741D+01 -0.10000D+01 -0.95736D+01  0.46940D+01  0.32714D+03  0.16834D+03  0.12320D+01  0.52280D+02  0.42435D+02  0.20197D+02
 0.45000D+02  0.14000D+04  0.19668D-01  0.58060D-04  0.25867D-02  0.42702D+00  0.45100D+00  0.62609D-02  0.11572D+00  0.22047D-01  0.36749D+00  0.20996D-02  0.48708D-03  0.43106D+01 -0.10000D+01 -0.95752D+01  0.47353D+01  0.30397D+03  0.14075D+03  0.11950D+01  0.47388D+02  0.39654D+02  0.18483D+02
 0.40000D+02  0.14000D+04  0.18671D-01  0.47626D-04  0.24256D-02  0.44607D+00  0.42992D+00  0.70017D-02  0.11700D+00  0.23152D-01  0.41228D+00  0.19536D-02  0.47202D-03  0.41388D+01 -0.10000D+01 -0.95769D+01  0.47936D+01  0.27892D+03  0.11570D+03  0.11554D+01  0.42281D+02  0.36593D+02  0.16711D+02
 0.35000D+02  0.14000D+04  0.17525D-01  0.38348D-04  0.22493D-02  0.46611D+00  0.40808D+00  0.79225D-02  0.11789D+00  0.24414D-01  0.46377D+00  0.17956D-02  0.45369D-03  0.39578D+01 -0.10000D+01 -0.95785D+01  0.48730D+01  0.25178D+03  0.93158D+02  0.11125D+01  0.36959D+02  0.33221D+02  0.14881D+02
 0.30000D+02  0.14000D+04  0.16205D-01  0.30199D-04  0.20575D-02  0.48707D+00  0.38557D+00  0.91036D-02  0.11825D+00  0.25859D-01  0.52254D+00  0.16259D-02  0.43161D-03  0.37671D+01 -0.10000D+01 -0.95802D+01  0.49784D+01  0.22247D+03  0.73093D+02  0.10657D+01  0.31459D+02  0.29520D+02  0.12989D+02
 0.25000D+02  0.14000D+04  0.14679D-01  0.23126D-04  0.18499D-02  0.50892D+00  0.36250D+00  0.10685D-01  0.11789D+00  0.27524D-01  0.58891D+00  0.14447D-02  0.40512D-03  0.35661D+01 -0.10000D+01 -0.95818D+01  0.51168D+01  0.19091D+03  0.55450D+02  0.10140D+01  0.25833D+02  0.25477D+02  0.11034D+02
 0.20000D+02  0.14000D+04  0.12899D-01  0.17054D-04  0.16255D-02  0.53165D+00  0.33886D+00  0.12935D-01  0.11655D+00  0.29462D-01  0.66282D+00  0.12521D-02  0.37334D-03  0.33539D+01 -0.10000D+01 -0.95835D+01  0.52978D+01  0.15708D+03  0.40135D+02  0.95584D+00  0.20151D+02  0.21082D+02  0.90105D+01
 0.15000D+02  0.14000D+04  0.10792D-01  0.11882D-04  0.13821D-02  0.55532D+00  0.31448D+00  0.16446D-01  0.11376D+00  0.31762D-01  0.74357D+00  0.10473D-02  0.33479D-03  0.31283D+01 -0.10000D+01 -0.95851D+01  0.55365D+01  0.12098D+03  0.27030D+02  0.88814D+00  0.14503D+02  0.16329D+02  0.69168D+01
 0.10000D+02  0.14000D+04  0.82273D-02  0.74845D-05  0.11129D-02  0.58001D+00  0.28876D+00  0.22839D-01  0.10840D+00  0.34606D-01  0.83260D+00  0.82641D-03  0.28646D-03  0.28849D+01 -0.10000D+01 -0.95867D+01  0.58588D+01  0.82654D+02  0.16009D+02  0.80305D+00  0.90098D+01  0.11219D+02  0.47460D+01
 0.90000D+01  0.14000D+04  0.76208D-02  0.66841D-05  0.10555D-02  0.58529D+00  0.28317D+00  0.24880D-01  0.10666D+00  0.35291D-01  0.85065D+00  0.78009D-03  0.27546D-03  0.28319D+01 -0.10000D+01 -0.95871D+01  0.59398D+01  0.74483D+02  0.14036D+02  0.78393D+00  0.79348D+01  0.10122D+02  0.42869D+01
 0.80000D+01  0.14000D+04  0.69796D-02  0.59068D-05  0.99644D-03  0.59061D+00  0.27743D+00  0.27364D-01  0.10460D+00  0.36025D-01  0.86838D+00  0.73266D-03  0.26378D-03  0.27775D+01 -0.10000D+01 -0.95874D+01  0.60271D+01  0.66211D+02  0.12144D+02  0.76330D+00  0.68757D+01  0.90079D+01  0.38225D+01
 0.70000D+01  0.14000D+04  0.63011D-02  0.51503D-05  0.93496D-03  0.59594D+00  0.27148D+00  0.30448D-01  0.10213D+00  0.36816D-01  0.88582D+00  0.68374D-03  0.25121D-03  0.27217D+01 -0.10000D+01 -0.95877D+01  0.61210D+01  0.57867D+02  0.10333D+02  0.74049D+00  0.58363D+01  0.78816D+01  0.33543D+01
 0.60000D+01  0.14000D+04  0.55821D-02  0.44118D-05  0.87021D-03  0.60120D+00  0.26530D+00  0.34378D-01  0.99123D-01  0.37677D-01  0.90297D+00  0.63274D-03  0.23747D-03  0.26645D+01 -0.10000D+01 -0.95881D+01  0.62222D+01  0.49480D+02  0.86028D+01  0.71449D+00  0.48206D+01  0.67470D+01  0.28833D+01
 0.50000D+01  0.14000D+04  0.48182D-02  0.36874D-05  0.80074D-03  0.60629D+00  0.25881D+00  0.39553D-01  0.95351D-01  0.38625D-01  0.91984D+00  0.57866D-03  0.22208D-03  0.26056D+01 -0.10000D+01 -0.95884D+01  0.63312D+01  0.41081D+02  0.69545D+01  0.68360D+00  0.38337D+01  0.56081D+01  0.24107D+01
 0.45000D+01  0.14000D+04  0.44177D-02  0.33291D-05  0.76352D-03  0.60873D+00  0.25540D+00  0.42808D-01  0.93068D-01  0.39142D-01  0.92819D+00  0.54998D-03  0.21354D-03  0.25756D+01 -0.10000D+01 -0.95886D+01  0.63888D+01  0.36887D+02  0.61610D+01  0.66550D+00  0.33531D+01  0.50384D+01  0.21741D+01
 0.40000D+01  0.14000D+04  0.40035D-02  0.29724D-05  0.72406D-03  0.61105D+00  0.25185D+00  0.46676D-01  0.90426D-01  0.39695D-01  0.93646D+00  0.51981D-03  0.20425D-03  0.25450D+01 -0.10000D+01 -0.95887D+01  0.64488D+01  0.32702D+02  0.53880D+01  0.64495D+00  0.28825D+01  0.44693D+01  0.19373D+01
 0.35000D+01  0.14000D+04  0.35746D-02  0.26166D-05  0.68168D-03  0.61320D+00  0.24813D+00  0.51352D-01  0.87319D-01  0.40292D-01  0.94468D+00  0.48769D-03  0.19399D-03  0.25140D+01 -0.10000D+01 -0.95889D+01  0.65111D+01  0.28529D+02  0.46356D+01  0.62115D+00  0.24232D+01  0.39012D+01  0.17004D+01
 0.30000D+01  0.14000D+04  0.31296D-02  0.22605D-05  0.63543D-03  0.61512D+00  0.24417D+00  0.57119D-01  0.83587D-01  0.40946D-01  0.95284D+00  0.45296D-03  0.18247D-03  0.24824D+01 -0.10000D+01 -0.95890D+01  0.65760D+01  0.24372D+02  0.39041D+01  0.59296D+00  0.19773D+01  0.33347D+01  0.14634D+01
 0.25000D+01  0.14000D+04  0.26669D-02  0.19030D-05  0.58381D-03  0.61669D+00  0.23990D+00  0.64420D-01  0.78984D-01  0.41676D-01  0.96093D+00  0.41460D-03  0.16922D-03  0.24501D+01 -0.10000D+01 -0.95892D+01  0.66437D+01  0.20236D+02  0.31937D+01  0.55861D+00  0.15475D+01  0.27703D+01  0.12261D+01
 0.20000D+01  0.14000D+04  0.21846D-02  0.15425D-05  0.52444D-03  0.61774D+00  0.23518D+00  0.73977D-01  0.73108D-01  0.42515D-01  0.96896D+00  0.37097D-03  0.15347D-03  0.24172D+01 -0.10000D+01 -0.95894D+01  0.67143D+01  0.16124D+02  0.25049D+01  0.51523D+00  0.11379D+01  0.22086D+01  0.98825D+00
 0.15000D+01  0.14000D+04  0.16802D-02  0.11769D-05  0.45311D-03  0.61792D+00  0.22977D+00  0.87063D-01  0.65246D-01  0.43517D-01  0.97691D+00  0.31919D-03  0.13392D-03  0.23835D+01 -0.10000D+01 -0.95895D+01  0.67880D+01  0.12039D+02  0.18385D+01  0.45778D+00  0.75535D+00  0.16500D+01  0.74941D+00
 0.10000D+01  0.14000D+04  0.11505D-02  0.80331D-06  0.36162D-03  0.61660D+00  0.22322D+00  0.10618D+00  0.53995D-01  0.44795D-01  0.98478D+00  0.25364D-03  0.10798D-03  0.23488D+01 -0.10000D+01 -0.95897D+01  0.68653D+01  0.79864D+01  0.11959D+01  0.37638D+00  0.41221D+00  0.10952D+01  0.50853D+00
 0.50000D+00  0.14000D+04  0.59540D-03  0.41699D-06  0.23067D-03  0.61231D+00  0.21455D+00  0.13689D+00  0.36250D-01  0.46607D-01  0.99246D+00  0.16105D-03  0.69620D-04  0.23133D+01 -0.10000D+01 -0.95899D+01  0.69459D+01  0.39954D+01  0.58029D+00  0.24778D+00  0.13584D+00  0.54821D+00  0.26482D+00
 0.10000D+00  0.14000D+04  0.12452D-03  0.00000D+00  0.62107D-04  0.60389D+00  0.20400D+00  0.18137D+00  0.10742D-01  0.49020D-01  0.99851D+00  0.43194D-04  0.18913D-04  0.22838D+01 -0.10000D+01 -0.95900D+01  0.70138D+01  0.81160D+00  0.11223D+00  0.68542D-01  0.76364D-02  0.11141D+00  0.59227D-01
